<?xml version="1.0" encoding="UTF-8"?>
<!-- Generated by org.testng.reporters.JUnitXMLReporter -->
<testsuite ignored="0" hostname="LAPTOP-UEHSILNM" failures="0" tests="10" name="Test3" time="0.015" errors="0" timestamp="2022-08-24T08:49:21 IST">
  <testcase classname="LamdaTest.RegistrationPage" name="@BeforeMethod launchapp" time="-1.661311161257E9">
    <failure type="org.testng.TestNGException" message="
Can inject only one of &amp;lt;ITestContext, XmlTest, Method, Object[], ITestResult&amp;gt; into a @BeforeMethod annotated launchapp.
For more information on native dependency injection please refer to https://testng.org/doc/documentation-main.html#native-dependency-injection">
      <![CDATA[org.testng.TestNGException: 
Can inject only one of <ITestContext, XmlTest, Method, Object[], ITestResult> into a @BeforeMethod annotated launchapp.
For more information on native dependency injection please refer to https://testng.org/doc/documentation-main.html#native-dependency-injection
at java.base/java.util.concurrent.ThreadPoolExecutor.runWorker(ThreadPoolExecutor.java:1136)
at java.base/java.util.concurrent.ThreadPoolExecutor$Worker.run(ThreadPoolExecutor.java:635)
at java.base/java.lang.Thread.run(Thread.java:833)
... Removed 13 stack frames]]>
    </failure>
  </testcase> <!-- @BeforeMethod launchapp -->
  <testcase classname="LamdaTest.RegistrationPage" name="@BeforeMethod launchapp" time="-1.661311161257E9">
    <failure type="org.testng.TestNGException" message="
Can inject only one of &amp;lt;ITestContext, XmlTest, Method, Object[], ITestResult&amp;gt; into a @BeforeMethod annotated launchapp.
For more information on native dependency injection please refer to https://testng.org/doc/documentation-main.html#native-dependency-injection">
      <![CDATA[org.testng.TestNGException: 
Can inject only one of <ITestContext, XmlTest, Method, Object[], ITestResult> into a @BeforeMethod annotated launchapp.
For more information on native dependency injection please refer to https://testng.org/doc/documentation-main.html#native-dependency-injection
at java.base/java.util.concurrent.ThreadPoolExecutor.runWorker(ThreadPoolExecutor.java:1136)
at java.base/java.util.concurrent.ThreadPoolExecutor$Worker.run(ThreadPoolExecutor.java:635)
at java.base/java.lang.Thread.run(Thread.java:833)
... Removed 13 stack frames]]>
    </failure>
  </testcase> <!-- @BeforeMethod launchapp -->
  <testcase classname="LamdaTest.RegistrationPage" name="@BeforeMethod launchapp" time="-1.66131116126E9">
    <skipped/>
  </testcase> <!-- @BeforeMethod launchapp -->
  <testcase classname="LamdaTest.RegistrationPage" name="@BeforeMethod launchapp" time="-1.661311161261E9">
    <skipped/>
  </testcase> <!-- @BeforeMethod launchapp -->
  <testcase classname="LamdaTest.RegistrationPage" name="@BeforeMethod launchapp" time="-1.661311161263E9">
    <skipped/>
  </testcase> <!-- @BeforeMethod launchapp -->
  <testcase classname="LamdaTest.RegistrationPage" name="@BeforeMethod launchapp" time="-1.661311161264E9">
    <skipped/>
  </testcase> <!-- @BeforeMethod launchapp -->
  <testcase classname="LamdaTest.RegistrationPage" name="@BeforeMethod launchapp" time="-1.661311161265E9">
    <skipped/>
  </testcase> <!-- @BeforeMethod launchapp -->
  <testcase classname="LamdaTest.RegistrationPage" name="@BeforeMethod launchapp" time="-1.661311161266E9">
    <skipped/>
  </testcase> <!-- @BeforeMethod launchapp -->
  <testcase classname="LamdaTest.RegistrationPage" name="@BeforeMethod launchapp" time="-1.661311161268E9">
    <skipped/>
  </testcase> <!-- @BeforeMethod launchapp -->
  <testcase classname="LamdaTest.RegistrationPage" name="@BeforeMethod launchapp" time="-1.661311161268E9">
    <skipped/>
  </testcase> <!-- @BeforeMethod launchapp -->
  <testcase classname="LamdaTest.RegistrationPage" name="EmptyFullName" time="0.0">
    <skipped/>
  </testcase> <!-- EmptyFullName -->
  <testcase classname="LamdaTest.RegistrationPage" name="ValidInput" time="0.0">
    <skipped/>
  </testcase> <!-- ValidInput -->
  <testcase classname="LamdaTest.RegistrationPage" name="EmptyEmail" time="0.0">
    <skipped/>
  </testcase> <!-- EmptyEmail -->
  <testcase classname="LamdaTest.RegistrationPage" name="EmptyPassword" time="0.0">
    <skipped/>
  </testcase> <!-- EmptyPassword -->
  <testcase classname="LamdaTest.RegistrationPage" name="EmptyPhoneNumber" time="0.0">
    <skipped/>
  </testcase> <!-- EmptyPhoneNumber -->
  <testcase classname="LamdaTest.RegistrationPage" name="WithoutClickingCheckBox" time="0.0">
    <skipped/>
  </testcase> <!-- WithoutClickingCheckBox -->
  <testcase classname="LamdaTest.RegistrationPage" name="EneteringWrongName" time="0.0">
    <skipped/>
  </testcase> <!-- EneteringWrongName -->
  <testcase classname="LamdaTest.RegistrationPage" name="EnteringWrongEmail" time="0.0">
    <skipped/>
  </testcase> <!-- EnteringWrongEmail -->
  <testcase classname="LamdaTest.RegistrationPage" name="EnteringWronPassword" time="0.0">
    <skipped/>
  </testcase> <!-- EnteringWronPassword -->
  <testcase classname="LamdaTest.RegistrationPage" name="EnteringWrongMobileNumber" time="0.0">
    <skipped/>
  </testcase> <!-- EnteringWrongMobileNumber -->
</testsuite> <!-- Test3 -->
